      0.0000000      1.0000000
    100.0000000      0.9910000
    200.0000000      0.9830000
    300.0000000      0.9750000
    400.0000000      0.9650000
    500.0000000      0.9570000
    600.0000000      0.9500000
    700.0000000      0.9400000
    800.0000000      0.9300000
    900.0000000      0.9210000
   1000.0000000      0.9180000
   1100.0000000      0.9110000
   1200.0000000      0.9080000
   1300.0000000      0.9000000
   1400.0000000      0.8930000
   1500.0000000      0.8880000
   1600.0000000      0.8790000
   1700.0000000      0.8700000
   1800.0000000      0.8640000
   1900.0000000      0.8600000
   2000.0000000      0.8480000
   2100.0000000      0.8400000
   2200.0000000      0.8340000
   2300.0000000      0.8280000
   2400.0000000      0.8190000
   2500.0000000      0.8140000
   2600.0000000      0.8100000
   2700.0000000      0.8020000
   2800.0000000      0.7900000
   2900.0000000      0.7800000
   3000.0000000      0.7710000
   3100.0000000      0.7660000
   3200.0000000      0.7580000
   3300.0000000      0.7540000
   3400.0000000      0.7500000
   3500.0000000      0.7460000
   3600.0000000      0.7410000
   3700.0000000      0.7350000
   3800.0000000      0.7240000
   3900.0000000      0.7160000
   4000.0000000      0.7110000
   4100.0000000      0.7090000
   4200.0000000      0.7030000
   4300.0000000      0.6980000
   4400.0000000      0.6920000
   4500.0000000      0.6910000
   4600.0000000      0.6840000
   4700.0000000      0.6790000
   4800.0000000      0.6730000
   4900.0000000      0.6620000
   5000.0000000      0.6570000
   5100.0000000      0.6540000
   5200.0000000      0.6460000
   5300.0000000      0.6410000
   5400.0000000      0.6420000
   5500.0000000      0.6360000
   5600.0000000      0.6310000
   5700.0000000      0.6250000
   5800.0000000      0.6210000
   5900.0000000      0.6150000
   6000.0000000      0.6130000
   6100.0000000      0.6030000
   6200.0000000      0.6010000
   6300.0000000      0.5950000
   6400.0000000      0.5890000
   6500.0000000      0.5840000
   6600.0000000      0.5770000
   6700.0000000      0.5710000
   6800.0000000      0.5660000
   6900.0000000      0.5640000
   7000.0000000      0.5610000
   7100.0000000      0.5520000
   7200.0000000      0.5420000
   7300.0000000      0.5360000
   7400.0000000      0.5300000
   7500.0000000      0.5290000
   7600.0000000      0.5260000
   7700.0000000      0.5180000
   7800.0000000      0.5150000
   7900.0000000      0.5120000
   8000.0000000      0.5100000
   8100.0000000      0.5050000
   8200.0000000      0.4980000
   8300.0000000      0.4930000
   8400.0000000      0.4900000
   8500.0000000      0.4870000
   8600.0000000      0.4840000
   8700.0000000      0.4780000
   8800.0000000      0.4760000
   8900.0000000      0.4730000
   9000.0000000      0.4650000
   9100.0000000      0.4610000
   9200.0000000      0.4560000
   9300.0000000      0.4490000
   9400.0000000      0.4490000
   9500.0000000      0.4410000
   9600.0000000      0.4390000
   9700.0000000      0.4330000
   9800.0000000      0.4280000
   9900.0000000      0.4260000
  10000.0000000      0.4230000
  10100.0000000      0.4190000
  10200.0000000      0.4160000
  10300.0000000      0.4120000
  10400.0000000      0.4090000
  10500.0000000      0.4020000
  10600.0000000      0.3980000
  10700.0000000      0.3970000
  10800.0000000      0.3970000
  10900.0000000      0.3940000
  11000.0000000      0.3930000
  11100.0000000      0.3910000
  11200.0000000      0.3880000
  11300.0000000      0.3850000
  11400.0000000      0.3830000
  11500.0000000      0.3820000
  11600.0000000      0.3800000
  11700.0000000      0.3760000
  11800.0000000      0.3750000
  11900.0000000      0.3730000
  12000.0000000      0.3680000
  12100.0000000      0.3610000
  12200.0000000      0.3590000
  12300.0000000      0.3540000
  12400.0000000      0.3510000
  12500.0000000      0.3490000
  12600.0000000      0.3440000
  12700.0000000      0.3440000
  12800.0000000      0.3420000
  12900.0000000      0.3410000
  13000.0000000      0.3390000
  13100.0000000      0.3380000
  13200.0000000      0.3370000
  13300.0000000      0.3340000
  13400.0000000      0.3310000
  13500.0000000      0.3290000
  13600.0000000      0.3290000
  13700.0000000      0.3260000
  13800.0000000      0.3240000
  13900.0000000      0.3210000
  14000.0000000      0.3190000
  14100.0000000      0.3150000
  14200.0000000      0.3110000
  14300.0000000      0.3100000
  14400.0000000      0.3040000
  14500.0000000      0.3010000
  14600.0000000      0.2980000
  14700.0000000      0.2980000
  14800.0000000      0.2940000
  14900.0000000      0.2920000
  15000.0000000      0.2900000
  15100.0000000      0.2870000
  15200.0000000      0.2860000
  15300.0000000      0.2870000
  15400.0000000      0.2790000
  15500.0000000      0.2770000
  15600.0000000      0.2750000
  15700.0000000      0.2740000
  15800.0000000      0.2730000
  15900.0000000      0.2720000
  16000.0000000      0.2670000
  16100.0000000      0.2650000
  16200.0000000      0.2630000
  16300.0000000      0.2610000
  16400.0000000      0.2610000
  16500.0000000      0.2600000
  16600.0000000      0.2600000
  16700.0000000      0.2580000
  16800.0000000      0.2560000
  16900.0000000      0.2570000
  17000.0000000      0.2560000
  17100.0000000      0.2550000
  17200.0000000      0.2520000
  17300.0000000      0.2510000
  17400.0000000      0.2480000
  17500.0000000      0.2470000
  17600.0000000      0.2430000
  17700.0000000      0.2400000
  17800.0000000      0.2380000
  17900.0000000      0.2390000
  18000.0000000      0.2380000
  18100.0000000      0.2380000
  18200.0000000      0.2380000
  18300.0000000      0.2300000
  18400.0000000      0.2290000
  18500.0000000      0.2280000
  18600.0000000      0.2260000
  18700.0000000      0.2240000
  18800.0000000      0.2230000
  18900.0000000      0.2200000
  19000.0000000      0.2180000
  19100.0000000      0.2180000
  19200.0000000      0.2190000
  19300.0000000      0.2160000
  19400.0000000      0.2160000
  19500.0000000      0.2130000
  19600.0000000      0.2140000
  19700.0000000      0.2100000
  19800.0000000      0.2070000
  19900.0000000      0.2050000
  20000.0000000      0.2040000
